----------------------------------------------------------------------
Error in         : api/Person/InsertPerson
Time             : 2020/50/09  10:50:31
Version          : 1.0.0.0
OS               : Microsoft Windows 10.0.18363
Module           : 
Procedure        : 
Error Number     : 500
Error Description: Unable to resolve service for type 'WebAPI.Services.Persons.IPersonService' while attempting to activate 'WebAPI.Controllers.PersonController'.

----------------------------------------------------------------------
Error in         : api/Person/GetAllPerson
Time             : 2020/54/09  10:54:00
Version          : 1.0.0.0
OS               : Microsoft Windows 10.0.18363
Module           : 
Procedure        : 
Error Number     : 500
Error Description: Unable to resolve service for type 'WebAPI.Services.Persons.IPersonService' while attempting to activate 'WebAPI.Controllers.PersonController'.

----------------------------------------------------------------------
Error in         : api/Person/GetAllPerson
Time             : 2020/54/09  10:54:08
Version          : 1.0.0.0
OS               : Microsoft Windows 10.0.18363
Module           : 
Procedure        : 
Error Number     : 500
Error Description: Unable to resolve service for type 'WebAPI.Services.Persons.IPersonService' while attempting to activate 'WebAPI.Controllers.PersonController'.

----------------------------------------------------------------------
Error in         : api/Person/GetAllPerson
Time             : 2020/54/09  10:54:36
Version          : 1.0.0.0
OS               : Microsoft Windows 10.0.18363
Module           : 
Procedure        : 
Error Number     : 500
Error Description: Unable to resolve service for type 'WebAPI.Services.Persons.IPersonService' while attempting to activate 'WebAPI.Controllers.PersonController'.

----------------------------------------------------------------------
Error in         : api/Person/GetAllPerson
Time             : 2020/55/09  10:55:47
Version          : 1.0.0.0
OS               : Microsoft Windows 10.0.18363
Module           : 
Procedure        : 
Error Number     : 500
Error Description: Unable to resolve service for type 'WebAPI.Services.Persons.IPersonService' while attempting to activate 'WebAPI.Controllers.PersonController'.

----------------------------------------------------------------------
Error in         : api/Person/GetAllPerson
Time             : 2020/57/09  10:57:09
Version          : 1.0.0.0
OS               : Microsoft Windows 10.0.18363
Module           : 
Procedure        : 
Error Number     : 500
Error Description: Unable to resolve service for type 'WebAPI.Services.Persons.IPersonService' while attempting to activate 'WebAPI.Controllers.PersonController'.

----------------------------------------------------------------------
Error in         : api/Person/GetAllPerson
Time             : 2020/59/09  10:59:36
Version          : 1.0.0.0
OS               : Microsoft Windows 10.0.18363
Module           : 
Procedure        : 
Error Number     : 500
Error Description: Unable to resolve service for type 'WebAPI.Services.Persons.IPersonService' while attempting to activate 'WebAPI.Controllers.PersonController'.

----------------------------------------------------------------------
Error in         : api/Person/GetAllPerson
Time             : 2020/00/09  11:00:39
Version          : 1.0.0.0
OS               : Microsoft Windows 10.0.18363
Module           : 
Procedure        : 
Error Number     : 500
Error Description: Unable to resolve service for type 'WebAPI.Services.Persons.IPersonService' while attempting to activate 'WebAPI.Controllers.PersonController'.

----------------------------------------------------------------------
Error in         : api/Person/GetAllPerson
Time             : 2020/07/09  11:07:23
Version          : 1.0.0.0
OS               : Microsoft Windows 10.0.18363
Module           : 
Procedure        : 
Error Number     : 500
Error Description: Unable to resolve service for type 'WebAPI.Services.Persons.IPersonService' while attempting to activate 'WebAPI.Controllers.PersonController'.

----------------------------------------------------------------------
Error in         : api/Person/GetAllPerson
Time             : 2020/09/09  11:09:46
Version          : 1.0.0.0
OS               : Microsoft Windows 10.0.18363
Module           : 
Procedure        : 
Error Number     : 500
Error Description: Unable to resolve service for type 'WebAPI.Services.Persons.IPersonService' while attempting to activate 'WebAPI.Controllers.PersonController'.

----------------------------------------------------------------------
Error in         : api/Person/GetAllPerson
Time             : 2020/13/09  11:13:01
Version          : 1.0.0.0
OS               : Microsoft Windows 10.0.18363
Module           : 
Procedure        : 
Error Number     : 500
Error Description: Unable to resolve service for type 'WebAPI.Services.Persons.IPersonService' while attempting to activate 'WebAPI.Controllers.PersonController'.

----------------------------------------------------------------------
Error in         : api/Person/GetAllPerson
Time             : 2020/14/09  11:14:31
Version          : 1.0.0.0
OS               : Microsoft Windows 10.0.18363
Module           : 
Procedure        : 
Error Number     : 500
Error Description: Unable to resolve service for type 'WebAPI.Services.Persons.IPersonService' while attempting to activate 'WebAPI.Controllers.PersonController'.

----------------------------------------------------------------------
Error in         : api/person/getallperson
Time             : 2020/16/09  11:16:21
Version          : 1.0.0.0
OS               : Microsoft Windows 10.0.18363
Module           : 
Procedure        : 
Error Number     : 500
Error Description: Unable to resolve service for type 'WebAPI.Services.Persons.IPersonService' while attempting to activate 'WebAPI.Controllers.PersonController'.

----------------------------------------------------------------------
Error in         : api/Person/InsertPerson
Time             : 2020/46/09  01:46:25
Version          : 1.0.0.0
OS               : Microsoft Windows 10.0.18363
Module           : <InsertAsync>d__4
Procedure        : MoveNext
Error Number     : 500
Error Description: Must declare the scalar variable "@Description".

----------------------------------------------------------------------
Error in         : api/Person/InsertPerson
Time             : 2020/46/09  01:46:44
Version          : 1.0.0.0
OS               : Microsoft Windows 10.0.18363
Module           : <InsertAsync>d__4
Procedure        : MoveNext
Error Number     : 500
Error Description: Must declare the scalar variable "@Description".

----------------------------------------------------------------------
Error in         : api/Person/UpdatePerson
Time             : 2020/47/09  01:47:58
Version          : 1.0.0.0
OS               : Microsoft Windows 10.0.18363
Module           : <UpdateAsync>d__5
Procedure        : MoveNext
Error Number     : 500
Error Description: Must declare the scalar variable "@USER_CD".

----------------------------------------------------------------------
Error in         : api/Person/UpdatePerson
Time             : 2020/48/09  01:48:13
Version          : 1.0.0.0
OS               : Microsoft Windows 10.0.18363
Module           : <UpdateAsync>d__5
Procedure        : MoveNext
Error Number     : 500
Error Description: Must declare the scalar variable "@USER_CD".

----------------------------------------------------------------------
Error in         : api/Person/UpdatePerson
Time             : 2020/48/09  01:48:16
Version          : 1.0.0.0
OS               : Microsoft Windows 10.0.18363
Module           : <UpdateAsync>d__5
Procedure        : MoveNext
Error Number     : 500
Error Description: Must declare the scalar variable "@USER_CD".

----------------------------------------------------------------------
Error in         : api/Person/UpdatePerson
Time             : 2020/52/09  01:52:14
Version          : 1.0.0.0
OS               : Microsoft Windows 10.0.18363
Module           : <UpdateAsync>d__5
Procedure        : MoveNext
Error Number     : 500
Error Description: Must declare the scalar variable "@Description".

----------------------------------------------------------------------
Error in         : api/Person/InsertPerson
Time             : 2020/16/09  02:16:36
Version          : 1.0.0.0
OS               : Microsoft Windows 10.0.18363
Module           : <InsertAsync>d__4
Procedure        : MoveNext
Error Number     : 500
Error Description: Must declare the scalar variable "@Description".

----------------------------------------------------------------------
Error in         : api/Person/InsertPerson
Time             : 2020/18/09  02:18:12
Version          : 1.0.0.0
OS               : Microsoft Windows 10.0.18363
Module           : <InsertAsync>d__4
Procedure        : MoveNext
Error Number     : 500
Error Description: Must declare the scalar variable "@Description".

----------------------------------------------------------------------
Error in         : api/Person/InsertPerson
Time             : 2020/22/09  02:22:45
Version          : 1.0.0.0
OS               : Microsoft Windows 10.0.18363
Module           : <InsertAsync>d__4
Procedure        : MoveNext
Error Number     : 500
Error Description: Must declare the scalar variable "@Description".

----------------------------------------------------------------------
Error in         : api/Person/InsertPerson
Time             : 2020/25/09  02:25:32
Version          : 1.0.0.0
OS               : Microsoft Windows 10.0.18363
Module           : <InsertAsync>d__4
Procedure        : MoveNext
Error Number     : 500
Error Description: Must declare the scalar variable "@Description".

----------------------------------------------------------------------
Error in         : api/Person/UpdatePerson
Time             : 2020/26/09  02:26:14
Version          : 1.0.0.0
OS               : Microsoft Windows 10.0.18363
Module           : <UpdateAsync>d__5
Procedure        : MoveNext
Error Number     : 500
Error Description: Must declare the scalar variable "@Description".

----------------------------------------------------------------------
Error in         : api/Person/UpdatePerson
Time             : 2020/28/09  02:28:13
Version          : 1.0.0.0
OS               : Microsoft Windows 10.0.18363
Module           : <UpdateAsync>d__5
Procedure        : MoveNext
Error Number     : 500
Error Description: Must declare the scalar variable "@Description".

----------------------------------------------------------------------
Error in         : api/Person/DeletePerson
Time             : 2020/30/09  02:30:59
Version          : 1.0.0.0
OS               : Microsoft Windows 10.0.18363
Module           : <DeleteAsync>d__6
Procedure        : MoveNext
Error Number     : 500
Error Description: Invalid column name 'USER_NO'.

----------------------------------------------------------------------
Error in         : api/Person/DeletePerson
Time             : 2020/31/09  02:31:07
Version          : 1.0.0.0
OS               : Microsoft Windows 10.0.18363
Module           : <DeleteAsync>d__6
Procedure        : MoveNext
Error Number     : 500
Error Description: Invalid column name 'USER_NO'.

----------------------------------------------------------------------
Error in         : api/Person/DeletePerson/1
Time             : 2020/34/09  02:34:46
Version          : 1.0.0.0
OS               : Microsoft Windows 10.0.18363
Module           : <DeleteAsync>d__6
Procedure        : MoveNext
Error Number     : 500
Error Description: Invalid column name 'USER_NO'.

----------------------------------------------------------------------
Error in         : api/Person/DeletePerson/1
Time             : 2020/34/09  02:34:49
Version          : 1.0.0.0
OS               : Microsoft Windows 10.0.18363
Module           : <DeleteAsync>d__6
Procedure        : MoveNext
Error Number     : 500
Error Description: Invalid column name 'USER_NO'.

----------------------------------------------------------------------
Error in         : api/Person/DeletePerson/1
Time             : 2020/34/09  02:34:51
Version          : 1.0.0.0
OS               : Microsoft Windows 10.0.18363
Module           : <DeleteAsync>d__6
Procedure        : MoveNext
Error Number     : 500
Error Description: Invalid column name 'USER_NO'.

----------------------------------------------------------------------
Error in         : api/Person/InsertPerson
Time             : 2020/36/09  02:36:23
Version          : 1.0.0.0
OS               : Microsoft Windows 10.0.18363
Module           : <InsertAsync>d__4
Procedure        : MoveNext
Error Number     : 500
Error Description: Incorrect syntax near ')'.

----------------------------------------------------------------------
Error in         : api/Person/InsertPerson
Time             : 2020/36/09  02:36:29
Version          : 1.0.0.0
OS               : Microsoft Windows 10.0.18363
Module           : <InsertAsync>d__4
Procedure        : MoveNext
Error Number     : 500
Error Description: Incorrect syntax near ')'.

----------------------------------------------------------------------
Error in         : api/Person/InsertPerson
Time             : 2020/37/09  02:37:48
Version          : 1.0.0.0
OS               : Microsoft Windows 10.0.18363
Module           : <InsertAsync>d__4
Procedure        : MoveNext
Error Number     : 500
Error Description: Incorrect syntax near ')'.

----------------------------------------------------------------------
Error in         : api/Person/InsertPerson
Time             : 2020/37/09  02:37:51
Version          : 1.0.0.0
OS               : Microsoft Windows 10.0.18363
Module           : <InsertAsync>d__4
Procedure        : MoveNext
Error Number     : 500
Error Description: Incorrect syntax near ')'.

----------------------------------------------------------------------
Error in         : api/Person/UpdatePerson
Time             : 2020/38/09  02:38:47
Version          : 1.0.0.0
OS               : Microsoft Windows 10.0.18363
Module           : <UpdateAsync>d__5
Procedure        : MoveNext
Error Number     : 500
Error Description: Must declare the scalar variable "@Description".

----------------------------------------------------------------------
Error in         : api/Person/UpdatePerson
Time             : 2020/39/09  02:39:08
Version          : 1.0.0.0
OS               : Microsoft Windows 10.0.18363
Module           : <UpdateAsync>d__5
Procedure        : MoveNext
Error Number     : 500
Error Description: Must declare the scalar variable "@Description".

----------------------------------------------------------------------
Error in         : api/Person/UpdatePerson
Time             : 2020/39/09  02:39:50
Version          : 1.0.0.0
OS               : Microsoft Windows 10.0.18363
Module           : <UpdateAsync>d__5
Procedure        : MoveNext
Error Number     : 500
Error Description: Must declare the scalar variable "@Description".

----------------------------------------------------------------------
Error in         : api/Person/UpdatePerson
Time             : 2020/40/09  02:40:38
Version          : 1.0.0.0
OS               : Microsoft Windows 10.0.18363
Module           : <UpdateAsync>d__5
Procedure        : MoveNext
Error Number     : 500
Error Description: Must declare the scalar variable "@Description".

----------------------------------------------------------------------
Error in         : api/Person/UpdatePerson
Time             : 2020/42/09  02:42:10
Version          : 1.0.0.0
OS               : Microsoft Windows 10.0.18363
Module           : <UpdateAsync>d__5
Procedure        : MoveNext
Error Number     : 500
Error Description: Must declare the scalar variable "@Description".

----------------------------------------------------------------------
Error in         : api/Person/UpdatePerson
Time             : 2020/44/09  02:44:57
Version          : 1.0.0.0
OS               : Microsoft Windows 10.0.18363
Module           : <UpdateAsync>d__5
Procedure        : MoveNext
Error Number     : 500
Error Description: Incorrect syntax near the keyword 'WHERE'.

----------------------------------------------------------------------
Error in         : api/Person/UpdatePerson/2
Time             : 2020/46/09  02:46:56
Version          : 1.0.0.0
OS               : Microsoft Windows 10.0.18363
Module           : <UpdateAsync>d__5
Procedure        : MoveNext
Error Number     : 500
Error Description: Incorrect syntax near the keyword 'WHERE'.

----------------------------------------------------------------------
Error in         : api/Person/UpdatePerson/2
Time             : 2020/47/09  02:47:38
Version          : 1.0.0.0
OS               : Microsoft Windows 10.0.18363
Module           : <UpdateAsync>d__5
Procedure        : MoveNext
Error Number     : 500
Error Description: Incorrect syntax near the keyword 'WHERE'.

----------------------------------------------------------------------
Error in         : api/Person/UpdatePerson/2
Time             : 2020/26/09  04:26:12
Version          : 1.0.0.0
OS               : Microsoft Windows 10.0.18363
Module           : <UpdateAsync>d__5
Procedure        : MoveNext
Error Number     : 500
Error Description: Incorrect syntax near the keyword 'WHERE'.

----------------------------------------------------------------------
Error in         : api/Person/UpdatePerson/2
Time             : 2020/32/09  04:32:25
Version          : 1.0.0.0
OS               : Microsoft Windows 10.0.18363
Module           : <UpdateAsync>d__5
Procedure        : MoveNext
Error Number     : 500
Error Description: Incorrect syntax near the keyword 'WHERE'.

----------------------------------------------------------------------
Error in         : api/Person/UpdatePerson
Time             : 2020/36/09  04:36:22
Version          : 1.0.0.0
OS               : Microsoft Windows 10.0.18363
Module           : <UpdateAsync>d__5
Procedure        : MoveNext
Error Number     : 500
Error Description: Incorrect syntax near the keyword 'WHERE'.

----------------------------------------------------------------------
Error in         : api/Person/UpdatePerson
Time             : 2020/42/09  04:42:08
Version          : 1.0.0.0
OS               : Microsoft Windows 10.0.18363
Module           : <UpdateAsync>d__5
Procedure        : MoveNext
Error Number     : 500
Error Description: Incorrect syntax near '12'.

----------------------------------------------------------------------
Error in         : api/Person/UpdatePerson
Time             : 2020/43/09  04:43:36
Version          : 1.0.0.0
OS               : Microsoft Windows 10.0.18363
Module           : <UpdateAsync>d__5
Procedure        : MoveNext
Error Number     : 500
Error Description: Incorrect syntax near '12'.

----------------------------------------------------------------------
Error in         : api/Person/UpdatePerson
Time             : 2020/45/09  04:45:25
Version          : 1.0.0.0
OS               : Microsoft Windows 10.0.18363
Module           : <UpdateAsync>d__5
Procedure        : MoveNext
Error Number     : 500
Error Description: Incorrect syntax near '12'.

----------------------------------------------------------------------
Error in         : api/Person/UpdatePerson
Time             : 2020/47/09  04:47:54
Version          : 1.0.0.0
OS               : Microsoft Windows 10.0.18363
Module           : <UpdateAsync>d__5
Procedure        : MoveNext
Error Number     : 500
Error Description: Incorrect syntax near '12'.

----------------------------------------------------------------------
Error in         : api/Person/UpdatePerson
Time             : 2020/50/09  04:50:34
Version          : 1.0.0.0
OS               : Microsoft Windows 10.0.18363
Module           : <UpdateAsync>d__5
Procedure        : MoveNext
Error Number     : 500
Error Description: Incorrect syntax near '12'.

----------------------------------------------------------------------
Error in         : api/Person/UpdatePerson
Time             : 2020/56/09  04:56:47
Version          : 1.0.0.0
OS               : Microsoft Windows 10.0.18363
Module           : <UpdateAsync>d__5
Procedure        : MoveNext
Error Number     : 500
Error Description: Incorrect syntax near '12'.

----------------------------------------------------------------------
Error in         : api/Person/UpdatePerson
Time             : 2020/58/09  04:58:57
Version          : 1.0.0.0
OS               : Microsoft Windows 10.0.18363
Module           : <UpdateAsync>d__5
Procedure        : MoveNext
Error Number     : 500
Error Description: Incorrect syntax near '12'.

----------------------------------------------------------------------
Error in         : api/Person/UpdatePerson
Time             : 2020/04/09  05:04:47
Version          : 1.0.0.0
OS               : Microsoft Windows 10.0.18363
Module           : <UpdateAsync>d__5
Procedure        : MoveNext
Error Number     : 500
Error Description: Must declare the scalar variable "@Description".

